<?xml version="1.0" encoding="UTF-8"?>
<!-- Generated by org.testng.reporters.JUnitReportReporter -->
<testsuite skipped="0" hostname="Compaq510" name="com.inetBanking.Testcases.TC003_AddCustomer" tests="1" failures="0" timestamp="2021-07-05T23:55:33 IST" time="15.719" errors="0">
  <testcase name="addNewCustomer" time="15.719" classname="com.inetBanking.Testcases.TC003_AddCustomer"/>
  <system-out/>
</testsuite> <!-- com.inetBanking.Testcases.TC003_AddCustomer -->
